<?xml version="1.0" encoding="UTF-8"?>
<!-- Generated by org.testng.reporters.JUnitReportReporter -->
<testsuite hostname="ramsunkara" name="Resources.OragneHRM" tests="1" failures="0" timestamp="30 May 2019 07:21:43 GMT" time="0.008" errors="0">
  <testcase name="ram" time="0.008" classname="Resources.OragneHRM"/>
</testsuite> <!-- Resources.OragneHRM -->
