<?xml version="1.0" encoding="UTF-8"?>
<!-- Generated by org.testng.reporters.JUnitReportReporter -->
<testsuite hostname="ramsunkara" name="PomOrange.AppTest" tests="3" failures="0" timestamp="31 May 2019 06:07:31 GMT" time="15.184" errors="0">
  <testcase name="Testing1" time="4.541" classname="PomOrange.AppTest"/>
  <testcase name="Testing12" time="3.999" classname="PomOrange.AppTest"/>
  <testcase name="Testing" time="6.644" classname="PomOrange.AppTest"/>
</testsuite> <!-- PomOrange.AppTest -->
